<?xml version="1.0" encoding="UTF-8"?>
<!-- Generated by org.testng.reporters.JUnitReportReporter -->
<testsuite hostname="DESKTOP-2EE0OA4" failures="0" tests="1" name="test.java.carritocompras.CarritoComprasTest" time="12.256" errors="0" timestamp="2023-08-30T01:02:29 GMT-04:00" skipped="0">
  <testcase classname="test.java.carritocompras.CarritoComprasTest" name="CasopruebaRegistroUsuario" time="12.256"/>
  <system-out/>
</testsuite> <!-- test.java.carritocompras.CarritoComprasTest -->
