<?xml version="1.0" encoding="UTF-8"?>
<!-- Generated by org.testng.reporters.JUnitReportReporter -->
<testsuite hostname="DESKTOP-JSPIG1C" failures="0" tests="1" name="test.java.demoWebShop.DemoWebShopTest" time="19.193" errors="0" timestamp="2023-08-28T11:40:03 CLT" skipped="0">
  <testcase classname="test.java.demoWebShop.DemoWebShopTest" name="CodigoCasoDePrueba" time="19.193"/>
  <system-out/>
</testsuite> <!-- test.java.demoWebShop.DemoWebShopTest -->
